<?xml version="1.0" encoding="UTF-8"?>
<!-- Generated by org.testng.reporters.JUnitXMLReporter -->
<testsuite ignored="2" hostname="Rohit" failures="0" tests="1" name="Default test" time="0.378" errors="0" timestamp="2024-10-29T12:16:59 IST">
  <testcase classname="practice.extentreports.SampleReportTest" name="createContactWithPhoneNoTest" time="0.118"/>
  <testcase classname="practice.extentreports.SampleReportTest" name="createContactTest" time="0.0">
    <ignored/>
  </testcase> <!-- createContactTest -->
  <testcase classname="practice.extentreports.SampleReportTest" name="createContactWithOrgTest" time="0.0">
    <ignored/>
  </testcase> <!-- createContactWithOrgTest -->
</testsuite> <!-- Default test -->
