# JRE version: Java(TM) SE Runtime Environment (21.0.2+13) (build 21.0.2+13-LTS-58)
# Java VM: Java HotSpot(TM) 64-Bit Server VM (21.0.2+13-LTS-58, mixed mode, sharing, tiered, compressed oops, compressed class ptrs, g1 gc, windows-amd64)
GC Precious Log:
 CardTable entry size: 512
 Card Set container configuration: InlinePtr #cards 5 size 8 Array Of Cards #cards 12 size 40 Howl #buckets 4 coarsen threshold 1843 Howl Bitmap #cards 512 size 80 coarsen threshold 460 Card regions per heap region 1 cards per card region 2048
 CPUs: 2 total, 2 available
 Memory: 3918M
 Large Page Support: Disabled
 NUMA Support: Disabled
 Compressed Oops: Enabled (32-bit)
 Heap Region Size: 1M
 Heap Min Capacity: 8M
 Heap Initial Capacity: 62M
 Heap Max Capacity: 980M
 Pre-touch: Disabled
 Parallel Workers: 2
 Concurrent Workers: 1
 Concurrent Refinement Workers: 2
 Periodic GC: Disabled
Heap:
 garbage-first heap   total 63488K, used 15479K [0x00000000c2c00000, 0x0000000100000000)
  region size 1024K, 10 young (10240K), 2 survivors (2048K)
 Metaspace       used 12854K, committed 13248K, reserved 1114112K
  class space    used 1555K, committed 1728K, reserved 1048576K
GC Heap History (8 events):
Event: 3.267 GC heap before
{Heap before GC invocations=0 (full 0):
 garbage-first heap   total 63488K, used 5120K [0x00000000c2c00000, 0x0000000100000000)
  region size 1024K, 6 young (6144K), 0 survivors (0K)
 Metaspace       used 613K, committed 768K, reserved 1114112K
  class space    used 47K, committed 128K, reserved 1048576K
}
Event: 3.286 GC heap after
{Heap after GC invocations=1 (full 0):
 garbage-first heap   total 63488K, used 4384K [0x00000000c2c00000, 0x0000000100000000)
  region size 1024K, 1 young (1024K), 1 survivors (1024K)
 Metaspace       used 613K, committed 768K, reserved 1114112K
  class space    used 47K, committed 128K, reserved 1048576K
}
Event: 4.275 GC heap before
{Heap before GC invocations=1 (full 0):
 garbage-first heap   total 63488K, used 7456K [0x00000000c2c00000, 0x0000000100000000)
  region size 1024K, 4 young (4096K), 1 survivors (1024K)
 Metaspace       used 1636K, committed 1792K, reserved 1114112K
  class space    used 173K, committed 256K, reserved 1048576K
}
Event: 4.284 GC heap after
{Heap after GC invocations=2 (full 0):
 garbage-first heap   total 63488K, used 5414K [0x00000000c2c00000, 0x0000000100000000)
  region size 1024K, 1 young (1024K), 1 survivors (1024K)
 Metaspace       used 1636K, committed 1792K, reserved 1114112K
  class space    used 173K, committed 256K, reserved 1048576K
}
Event: 19.847 GC heap before
{Heap before GC invocations=2 (full 0):
 garbage-first heap   total 63488K, used 10534K [0x00000000c2c00000, 0x0000000100000000)
  region size 1024K, 7 young (7168K), 1 survivors (1024K)
 Metaspace       used 6026K, committed 6208K, reserved 1114112K
  class space    used 688K, committed 768K, reserved 1048576K
}
Event: 19.856 GC heap after
{Heap after GC invocations=3 (full 0):
 garbage-first heap   total 63488K, used 6751K [0x00000000c2c00000, 0x0000000100000000)
  region size 1024K, 1 young (1024K), 1 survivors (1024K)
 Metaspace       used 6026K, committed 6208K, reserved 1114112K
  class space    used 688K, committed 768K, reserved 1048576K
}
Event: 24.937 GC heap before
{Heap before GC invocations=3 (full 0):
 garbage-first heap   total 63488K, used 18015K [0x00000000c2c00000, 0x0000000100000000)
  region size 1024K, 13 young (13312K), 1 survivors (1024K)
 Metaspace       used 10278K, committed 10496K, reserved 1114112K
  class space    used 1194K, committed 1280K, reserved 1048576K
}
Event: 24.945 GC heap after
{Heap after GC invocations=4 (full 0):
 garbage-first heap   total 63488K, used 8311K [0x00000000c2c00000, 0x0000000100000000)
  region size 1024K, 2 young (2048K), 2 survivors (2048K)
 Metaspace       used 10278K, committed 10496K, reserved 1114112K
  class space    used 1194K, committed 1280K, reserved 1048576K
}

