<?xml version="1.0" encoding="UTF-8"?>
<!-- Generated by org.testng.reporters.JUnitXMLReporter -->
<testsuite ignored="4" hostname="Rohit" failures="0" tests="9" name="Test" time="0.547" errors="0" timestamp="2024-08-04T18:04:41 IST">
  <testcase classname="practice.testng.A" name="m1" time="0.026"/>
  <testcase classname="practice.testng.A" name="m2" time="0.014"/>
  <testcase classname="practice.testng.A" name="m3" time="0.01"/>
  <testcase classname="practice.testng.B" name="m4" time="0.006"/>
  <testcase classname="practice.testng.B" name="m5" time="0.01"/>
  <testcase classname="practice.testng.B" name="m6" time="0.01"/>
  <testcase classname="practice.testng.C" name="m7" time="0.016"/>
  <testcase classname="practice.testng.C" name="m8" time="0.015"/>
  <testcase classname="practice.testng.C" name="m9" time="0.016"/>
  <testcase classname="com.crm.generic.baseutility.BaseClass" name="@AfterSuite configAS" time="0.0">
    <ignored/>
  </testcase> <!-- @AfterSuite configAS -->
  <testcase classname="com.crm.generic.baseutility.BaseClass" name="@AfterSuite configAS" time="0.0">
    <ignored/>
  </testcase> <!-- @AfterSuite configAS -->
  <testcase classname="com.crm.generic.baseutility.BaseClass" name="@BeforeSuite configBS" time="0.0">
    <ignored/>
  </testcase> <!-- @BeforeSuite configBS -->
  <testcase classname="com.crm.generic.baseutility.BaseClass" name="@BeforeSuite configBS" time="0.0">
    <ignored/>
  </testcase> <!-- @BeforeSuite configBS -->
</testsuite> <!-- Test -->
